<?xml version="1.0" encoding="UTF-8"?>
<testng-results ignored="0" total="1" passed="1" failed="0" skipped="0">
  <reporter-output>
  </reporter-output>
  <suite started-at="2023-01-18T14:39:41 IST" name="Default suite" finished-at="2023-01-18T14:39:54 IST" duration-ms="12064">
    <groups>
    </groups>
    <test started-at="2023-01-18T14:39:41 IST" name="Default test" finished-at="2023-01-18T14:39:54 IST" duration-ms="12064">
      <class name="com.nishant.FBLoginTest">
        <test-method signature="loginFacebookPage()[pri:0, instance:com.nishant.FBLoginTest@9f116cc]" started-at="2023-01-18T14:39:42 IST" name="loginFacebookPage" finished-at="2023-01-18T14:39:54 IST" duration-ms="11947" status="PASS">
          <reporter-output>
          </reporter-output>
        </test-method> <!-- loginFacebookPage -->
      </class> <!-- com.nishant.FBLoginTest -->
    </test> <!-- Default test -->
  </suite> <!-- Default suite -->
</testng-results>
